0 info it worked if it ends with ok
1 verbose cli [ '/root/.nvm/v0.8.28/bin/node',
1 verbose cli   '/root/.nvm/v0.8.28/bin/npm',
1 verbose cli   'install',
1 verbose cli   'npm@latest',
1 verbose cli   '-g' ]
2 info using npm@1.2.30
3 info using node@v0.8.28
4 verbose read json /root/.nvm/v0.8.28/lib/package.json
5 verbose read json /root/.nvm/v0.8.28/lib/package.json
6 verbose cache add [ 'npm@latest', null ]
7 verbose cache add name=undefined spec="npm@latest" args=["npm@latest",null]
8 verbose parsed url { pathname: 'npm@latest',
8 verbose parsed url   path: 'npm@latest',
8 verbose parsed url   href: 'npm@latest' }
9 verbose cache add name="npm" spec="latest" args=["npm","latest"]
10 verbose parsed url { pathname: 'latest', path: 'latest', href: 'latest' }
11 verbose addNamed [ 'npm', 'latest' ]
12 verbose addNamed [ null, null ]
13 silly lockFile 588f5fcc-npm-latest npm@latest
14 verbose lock npm@latest /root/.npm/588f5fcc-npm-latest.lock
15 info addNameTag [ 'npm', 'latest' ]
16 verbose url raw npm
17 verbose url resolving [ 'https://registry.npmjs.org/', './npm' ]
18 verbose url resolved https://registry.npmjs.org/npm
19 info trying registry request attempt 1 at 08:08:15
20 http GET https://registry.npmjs.org/npm
21 silly lockFile 588f5fcc-npm-latest npm@latest
22 silly lockFile 588f5fcc-npm-latest npm@latest
23 error Error: SSL Error: CERT_UNTRUSTED
23 error     at Request.onResponse (/root/.nvm/v0.8.28/lib/node_modules/npm/node_modules/request/index.js:655:24)
23 error     at ClientRequest.g (events.js:192:14)
23 error     at ClientRequest.EventEmitter.emit (events.js:96:17)
23 error     at HTTPParser.parserOnIncomingClient [as onIncoming] (http.js:1588:7)
23 error     at HTTPParser.parserOnHeadersComplete [as onHeadersComplete] (http.js:111:23)
23 error     at CleartextStream.socketOnData [as ondata] (http.js:1491:20)
23 error     at CleartextStream.CryptoStream._push (tls.js:547:27)
23 error     at SecurePair.cycle (tls.js:901:20)
23 error     at EncryptedStream.CryptoStream.write (tls.js:285:13)
23 error     at Socket.ondata (stream.js:38:26)
24 error If you need help, you may report this log at:
24 error     <http://github.com/isaacs/npm/issues>
24 error or email it to:
24 error     <npm-@googlegroups.com>
25 error System Linux 4.4.0-141-generic
26 error command "/root/.nvm/v0.8.28/bin/node" "/root/.nvm/v0.8.28/bin/npm" "install" "npm@latest" "-g"
27 error cwd /root/website
28 error node -v v0.8.28
29 error npm -v 1.2.30
30 error code ESSL
31 verbose exit [ 1, true ]
